2023-06-06 17:03:40 INFO  HelloServlet:20 - adr: 
2023-06-06 17:03:40 INFO  HelloServlet:21 - adr: 127.0.0.1
2023-06-06 17:03:40 INFO  TwoFilter:19 - adr: 
2023-06-06 17:03:40 INFO  TwoFilter:20 - adr: 127.0.0.1
2023-06-06 17:03:41 INFO  HelloServlet:20 - adr: 
2023-06-06 17:03:41 INFO  HelloServlet:21 - adr: 0:0:0:0:0:0:0:1
2023-06-06 17:03:41 INFO  TwoFilter:19 - adr: 
2023-06-06 17:03:41 INFO  TwoFilter:20 - adr: 0:0:0:0:0:0:0:1
2023-06-06 17:03:44 INFO  HelloServlet:20 - adr: 
2023-06-06 17:03:44 INFO  HelloServlet:21 - adr: 0:0:0:0:0:0:0:1
2023-06-06 17:03:44 INFO  TwoFilter:19 - adr: 
2023-06-06 17:03:44 INFO  TwoFilter:20 - adr: 0:0:0:0:0:0:0:1
2023-06-06 17:03:45 INFO  HelloServlet:20 - adr: 
2023-06-06 17:03:45 INFO  HelloServlet:21 - adr: 0:0:0:0:0:0:0:1
2023-06-06 17:03:45 INFO  TwoFilter:19 - adr: 
2023-06-06 17:03:45 INFO  TwoFilter:20 - adr: 0:0:0:0:0:0:0:1
2023-06-06 17:03:47 INFO  HelloServlet:20 - adr: 
2023-06-06 17:03:47 INFO  HelloServlet:21 - adr: 0:0:0:0:0:0:0:1
2023-06-06 17:03:47 INFO  TwoFilter:19 - adr: 
2023-06-06 17:03:47 INFO  TwoFilter:20 - adr: 0:0:0:0:0:0:0:1
2023-06-06 17:03:48 INFO  HelloServlet:20 - adr: 
2023-06-06 17:03:48 INFO  HelloServlet:21 - adr: 0:0:0:0:0:0:0:1
2023-06-06 17:03:48 INFO  TwoFilter:19 - adr: 
2023-06-06 17:03:48 INFO  TwoFilter:20 - adr: 0:0:0:0:0:0:0:1
2023-06-06 17:05:25 INFO  HelloServlet:20 - adr: 
2023-06-06 17:05:25 INFO  HelloServlet:21 - adr: 127.0.0.1
2023-06-06 17:05:25 INFO  TwoFilter:19 - adr: 127.0.0.1
2023-06-06 17:05:25 INFO  TwoFilter:20 - adr: 127.0.0.1
2023-06-06 17:05:27 INFO  HelloServlet:20 - adr: 
2023-06-06 17:05:27 INFO  HelloServlet:21 - adr: 0:0:0:0:0:0:0:1
2023-06-06 17:05:27 INFO  TwoFilter:19 - adr: 0:0:0:0:0:0:0:1
2023-06-06 17:05:27 INFO  TwoFilter:20 - adr: 0:0:0:0:0:0:0:1
2023-06-06 17:05:29 INFO  HelloServlet:20 - adr: 
2023-06-06 17:05:29 INFO  HelloServlet:21 - adr: 0:0:0:0:0:0:0:1
2023-06-06 17:05:29 INFO  TwoFilter:19 - adr: 0:0:0:0:0:0:0:1
2023-06-06 17:05:29 INFO  TwoFilter:20 - adr: 0:0:0:0:0:0:0:1
2023-06-06 17:05:30 INFO  HelloServlet:20 - adr: 
2023-06-06 17:05:30 INFO  HelloServlet:21 - adr: 0:0:0:0:0:0:0:1
2023-06-06 17:05:30 INFO  TwoFilter:19 - adr: 0:0:0:0:0:0:0:1
2023-06-06 17:05:30 INFO  TwoFilter:20 - adr: 0:0:0:0:0:0:0:1
2023-06-06 17:05:32 INFO  HelloServlet:20 - adr: 
2023-06-06 17:05:32 INFO  HelloServlet:21 - adr: 0:0:0:0:0:0:0:1
2023-06-06 17:05:32 INFO  TwoFilter:19 - adr: 0:0:0:0:0:0:0:1
2023-06-06 17:05:32 INFO  TwoFilter:20 - adr: 0:0:0:0:0:0:0:1
2023-06-06 17:05:33 INFO  HelloServlet:20 - adr: 
2023-06-06 17:05:33 INFO  HelloServlet:21 - adr: 0:0:0:0:0:0:0:1
2023-06-06 17:05:33 INFO  TwoFilter:19 - adr: 0:0:0:0:0:0:0:1
2023-06-06 17:05:33 INFO  TwoFilter:20 - adr: 0:0:0:0:0:0:0:1
